
Chromosome 2L
processing AOcol_F
computing divergence... 1583266
processing BFcol_F
computing divergence... 4104394
processing BFcol_M
computing divergence... 928875
processing BFgam_F
computing divergence... 4219935
processing BFgam_M
computing divergence... 2765818
processing CIcol_F
computing divergence... 2979101
processing CMgam_F
computing divergence... 6376623
processing CMgam_M
computing divergence... 3403563
processing FRgam_F
computing divergence... 964178
processing FRgam_M
computing divergence... 957316
processing GAgam_F
computing divergence... 1941694
processing GHcol_F
computing divergence... 2725989
processing GHgam_F
computing divergence... 1724796
processing GM_F
computing divergence... 2815243
processing GNcol_F
computing divergence... 831545
processing GNgam_F
computing divergence... 3339945
processing GQgam_F
computing divergence... 1334578
processing GW_F
computing divergence... 4018848
processing KE_F
computing divergence... 852208
processing UGgam_F
computing divergence... 4374262
processing An. coluzzii_F
computing divergence... 5913326
processing An. coluzzii_M
computing divergence... 928875
processing An. gambiae_F
computing divergence... 9466785
processing An. gambiae_M
computing divergence... 4440141
processing Unknown_F
computing divergence... 3681701

Chromosome 2R
processing AOcol_F
computing divergence... 2049119
processing BFcol_F
computing divergence... 4893846
processing BFcol_M
computing divergence... 1205848
processing BFgam_F
computing divergence... 5779650
processing BFgam_M
computing divergence... 3838405
processing CIcol_F
computing divergence... 3649193
processing CMgam_F
computing divergence... 8899834
processing CMgam_M
computing divergence... 4726085
processing FRgam_F
computing divergence... 1233446
processing FRgam_M
computing divergence... 1225976
processing GAgam_F
computing divergence... 2781907
processing GHcol_F
computing divergence... 3353917
processing GHgam_F
computing divergence... 2479947
processing GM_F
computing divergence... 3469781
processing GNcol_F
computing divergence... 1130395
processing GNgam_F
computing divergence... 4733297
processing GQgam_F
computing divergence... 2067469
processing GW_F
computing divergence... 4593689
processing KE_F
computing divergence... 1172654
processing UGgam_F
computing divergence... 6217832
processing An. coluzzii_F
computing divergence... 7160718
processing An. coluzzii_M
computing divergence... 1205848
processing An. gambiae_F
computing divergence... 12722075
processing An. gambiae_M
computing divergence... 6012925
processing Unknown_F
computing divergence... 4446584

Chromosome 3L
processing AOcol_F
computing divergence... 1574398
processing BFcol_F
computing divergence... 3649356
processing BFcol_M
computing divergence... 828272
processing BFgam_F
computing divergence... 3895767
processing BFgam_M
computing divergence... 2490226
processing CIcol_F
computing divergence... 2863885
processing CMgam_F
computing divergence... 6394809
processing CMgam_M
computing divergence... 3224604
processing FRgam_F
computing divergence... 760221
processing FRgam_M
computing divergence... 773676
processing GAgam_F
computing divergence... 1938070
processing GHcol_F
computing divergence... 2710166
processing GHgam_F
computing divergence... 1653561
processing GM_F
computing divergence... 2790979
processing GNcol_F
computing divergence... 831083
processing GNgam_F
computing divergence... 3094741
processing GQgam_F
computing divergence... 1282673
processing GW_F
computing divergence... 3931076
processing KE_F
computing divergence... 711045
processing UGgam_F
computing divergence... 4342384
processing An. coluzzii_F
computing divergence... 5266484
processing An. coluzzii_M
computing divergence... 828272
processing An. gambiae_F
computing divergence... 8984999
processing An. gambiae_M
computing divergence... 4055734
processing Unknown_F
computing divergence... 3514311

Chromosome 3R
processing AOcol_F
computing divergence... 2114461
processing BFcol_F
computing divergence... 5095386
processing BFcol_M
computing divergence... 1146170
processing BFgam_F
computing divergence... 5328386
processing BFgam_M
computing divergence... 3459199
processing CIcol_F
computing divergence... 4055871
processing CMgam_F
computing divergence... 8728961
processing CMgam_M
computing divergence... 4468961
processing FRgam_F
computing divergence... 1077112
processing FRgam_M
computing divergence... 1089033
processing GAgam_F
computing divergence... 2767201
processing GHcol_F
computing divergence... 3761078
processing GHgam_F
computing divergence... 2330093
processing GM_F
computing divergence... 3862421
processing GNcol_F
computing divergence... 1164471
processing GNgam_F
computing divergence... 4286844
processing GQgam_F
computing divergence... 1792308
processing GW_F
computing divergence... 5438688
processing KE_F
computing divergence... 982556
processing UGgam_F
computing divergence... 5914878
processing An. coluzzii_F
computing divergence... 7297653
processing An. coluzzii_M
computing divergence... 1146170
processing An. gambiae_F
computing divergence... 12212833
processing An. gambiae_M
computing divergence... 5598278
processing Unknown_F
computing divergence... 4870649

Chromosome X
processing AOcol_F
computing divergence... 597752
processing BFcol_F
computing divergence... 1702097
processing BFcol_M
computing divergence... 225635
processing BFgam_F
computing divergence... 1932606
processing BFgam_M
computing divergence... 879826
processing CIcol_F
computing divergence... 1225697
processing CMgam_F
computing divergence... 3482435
processing CMgam_M
computing divergence... 1242739
processing FRgam_F
computing divergence... 204128
processing FRgam_M
computing divergence... 247040
processing GAgam_F
computing divergence... 630391
processing GHcol_F
computing divergence... 1196069
processing GHgam_F
computing divergence... 705876
processing GM_F
computing divergence... 1203953
processing GNcol_F
computing divergence... 254836
processing GNgam_F
computing divergence... 1501906
processing GQgam_F
computing divergence... 467771
processing GW_F
computing divergence... 1923297
processing KE_F
computing divergence... 241628
processing UGgam_F
computing divergence... 2337946
processing An. coluzzii_F
computing divergence... 2485251
processing An. coluzzii_M
computing divergence... 225635
processing An. gambiae_F
computing divergence... 4980022
processing An. gambiae_M
computing divergence... 1672868
processing Unknown_F
computing divergence... 1629772
